<?xml version="1.0" encoding="UTF-8"?>
<testsuite name="net.hovancik.stretchly.GoalModeManagerTest" tests="5" skipped="0" failures="0" errors="0" timestamp="2025-08-17T17:41:05" hostname="bharat.bhushan" time="0.004">
  <properties/>
  <testcase name="testWorkHoursValidation" classname="net.hovancik.stretchly.GoalModeManagerTest" time="0.0"/>
  <testcase name="testCreateCustomMode" classname="net.hovancik.stretchly.GoalModeManagerTest" time="0.003"/>
  <testcase name="testDeleteCustomMode" classname="net.hovancik.stretchly.GoalModeManagerTest" time="0.001"/>
  <testcase name="testUpdateCustomMode" classname="net.hovancik.stretchly.GoalModeManagerTest" time="0.0"/>
  <testcase name="testGetPresetModes" classname="net.hovancik.stretchly.GoalModeManagerTest" time="0.0"/>
  <system-out><![CDATA[]]></system-out>
  <system-err><![CDATA[]]></system-err>
</testsuite>
